1.000 P0->COM1 arrives at COM0 [ ]
1.100 P1->COM2 arrives at COM1 [ ]
1.200 P2->COM1 arrives at COM2 [ ]
1.300 P3->COM2 arrives at COM0 [ P0->COM1 ]
1.400 P4->COM2 arrives at COM1 [ P1->COM2 ]
1.500 P5->COM0 arrives at COM2 [ P2->COM1 ]
1.600 P6->COM1 arrives at COM0 [ P0->COM1 P3->COM2 ]
1.700 P7->COM0 arrives at COM1 [ P1->COM2 P4->COM2 ]
3.500 B0@COM0 passengers: [ ] [ ] [ ]  Stop: COM0 [ P0->COM1 P3->COM2 P6->COM1 ]
4.000 B1@COM0 passengers: [ ] [ ] [ ]  Stop: COM0 [ P6->COM1 ]
4.500 B0@COM1 passengers: [ ] [ P0->COM1 ] [ P3->COM2 ]  Stop: COM1 [ P1->COM2 P4->COM2 P7->COM0 ]
5.000 B1@COM1 passengers: [ ] [ P6->COM1 ] [ ]  Stop: COM1 [ P4->COM2 P7->COM0 ]
5.500 B0@COM2 passengers: [ ] [ ] [ P3->COM2 P1->COM2 ]  Stop: COM2 [ P2->COM1 P5->COM0 ]
6.000 B1@COM2 passengers: [ P7->COM0 ] [ ] [ P4->COM2 ]  Stop: COM2 [ ]
6.500 B0@COM0 passengers: [ P5->COM0 ] [ P2->COM1 ] [ ]  Stop: COM0 [ ]
7.000 B1@COM0 passengers: [ P7->COM0 ] [ ] [ ]  Stop: COM0 [ ]
7.500 B0@COM1 passengers: [ ] [ P2->COM1 ] [ ]  Stop: COM1 [ ]
8.000 B1@COM1 passengers: [ ] [ ] [ ]  Stop: COM1 [ ]
8.500 B0@COM2 passengers: [ ] [ ] [ ]  Stop: COM2 [ ]
9.000 B1@COM2 passengers: [ ] [ ] [ ]  Stop: COM2 [ ]
9.500 B0@COM0 passengers: [ ] [ ] [ ]  Stop: COM0 [ ]
