0.100 P0->COM1 arrives at COM0 [ ]
1.200 P1->COM2 arrives at COM1 [ ]
2.300 P2->COM1 arrives at COM2 [ ]
3.500 B0@COM0 passengers: [ ] [ ] [ ]  Stop: COM0 [ P0->COM1 ]
3.500 P3->COM2 arrives at COM0 [ ]
4.000 B1@COM0 passengers: [ ] [ ] [ ]  Stop: COM0 [ P3->COM2 ]
4.100 P4->COM2 arrives at COM1 [ P1->COM2 ]
4.500 B0@COM1 passengers: [ ] [ P0->COM1 ] [ ]  Stop: COM1 [ P1->COM2 P4->COM2 ]
5.000 B1@COM1 passengers: [ ] [ ] [ P3->COM2 ]  Stop: COM1 [ ]
5.200 P5->COM0 arrives at COM2 [ P2->COM1 ]
5.500 B0@COM2 passengers: [ ] [ ] [ P1->COM2 P4->COM2 ]  Stop: COM2 [ P2->COM1 P5->COM0 ]
6.000 B1@COM2 passengers: [ ] [ ] [ P3->COM2 ]  Stop: COM2 [ ]
6.300 P6->COM1 arrives at COM0 [ ]
6.500 B0@COM0 passengers: [ P5->COM0 ] [ P2->COM1 ] [ ]  Stop: COM0 [ P6->COM1 ]
7.000 B1@COM0 passengers: [ ] [ ] [ ]  Stop: COM0 [ ]
7.400 P7->COM0 arrives at COM1 [ ]
7.500 B0@COM1 passengers: [ ] [ P2->COM1 P6->COM1 ] [ ]  Stop: COM1 [ P7->COM0 ]
7.500 P8->COM2 arrives at COM1 [ ]
7.600 P9->COM2 arrives at COM1 [ P8->COM2 ]
8.000 B1@COM1 passengers: [ ] [ ] [ ]  Stop: COM1 [ P8->COM2 P9->COM2 ]
8.500 B0@COM2 passengers: [ P7->COM0 ] [ ] [ ]  Stop: COM2 [ ]
9.000 B1@COM2 passengers: [ ] [ ] [ P8->COM2 P9->COM2 ]  Stop: COM2 [ ]
9.500 B0@COM0 passengers: [ P7->COM0 ] [ ] [ ]  Stop: COM0 [ ]
