1.000: C0 arrives [ ]
1.000: C0 ordered (Small) Coffee Latte (by B0 [ ])
1.100: C1 arrives [ ]
1.100: C1 ordered (Medium) Coffee Latte (by B1 [ ])
1.200: C2 arrives [ ]
1.200: C2 ordered (Large) Coffee Latte (by B2 [ ])
1.300: C3 arrives [ ]
1.300: C3 joined barista queue (at B0 [ ])
1.400: C4 arrives [ ]
1.400: C4 joined barista queue (at B1 [ ])
1.500: C5 arrives [ ]
1.500: C5 joined barista queue (at B2 [ ])
1.600: C6 arrives [ ]
1.600: C6 joined barista queue (at B0 [ C3 ])
1.700: C7 arrives [ ]
1.700: C7 joined barista queue (at B1 [ C4 ])
1.800: C8 arrives [ ]
1.800: C8 joined barista queue (at B2 [ C5 ])
1.900: C9 arrives [ ]
1.900: C9 joined queue [ ]
2.000: C10 arrives [ C9 ]
2.000: C10 joined queue [ C9 ]
2.100: C11 arrives [ C9 C10 ]
2.100: C11 departed
3.000: C0 served (Small) Coffee Latte (by B0 [ C3 C6 ])
3.000: C0 departed
3.000: C3 ordered (Hot) Coffee Espresso (by B0 [ C6 ])
3.050: C9 joined barista queue (at B0 [ C6 ])
3.100: C1 served (Medium) Coffee Latte (by B1 [ C4 C7 ])
3.100: C1 departed
3.100: C4 ordered (Cold) Coffee Latte (by B1 [ C7 ])
3.150: C10 joined barista queue (at B1 [ C7 ])
3.200: C2 served (Large) Coffee Latte (by B2 [ C5 C8 ])
3.200: C2 departed
3.200: C5 ordered (Cream) Coffee Espresso (by B2 [ C8 ])
5.000: C3 served (Hot) Coffee Espresso (by B0 [ C6 C9 ])
5.000: C3 departed
5.000: C6 ordered (Small) Coffee Latte (by B0 [ C9 ])
5.100: C4 served (Cold) Coffee Latte (by B1 [ C7 C10 ])
5.100: C4 departed
5.100: C7 ordered (Medium) Coffee Espresso (by B1 [ C10 ])
5.200: C5 served (Cream) Coffee Espresso (by B2 [ C8 ])
5.200: C5 departed
5.200: C8 ordered (Grande) Coffee Espresso (by B2 [ ])
7.000: C6 served (Small) Coffee Latte (by B0 [ C9 ])
7.000: C6 departed
7.000: C9 ordered (Venti) Coffee Espresso (by B0 [ ])
7.100: C7 served (Medium) Coffee Espresso (by B1 [ C10 ])
7.100: C7 departed
7.100: C10 ordered (Piccolo) Coffee Latte (by B1 [ ])
7.200: C8 served (Grande) Coffee Espresso (by B2 [ ])
7.200: C8 departed
9.000: C9 served (Venti) Coffee Espresso (by B0 [ ])
9.000: C9 departed
9.100: C10 served (Piccolo) Coffee Latte (by B1 [ ])
9.100: C10 departed
