1.000: C0 arrives [ ]
1.000: C0 ordered (Small) Coffee Espresso (by B0 [ ])
1.200: C1 arrives [ ]
1.200: C1 ordered (Medium) Coffee Latte (by B1 [ ])
1.400: C2 arrives [ ]
1.400: C2 joined queue [ ]
1.600: C3 arrives [ C2 ]
1.600: C3 departed
2.000: C0 served (Small) Coffee Espresso (by B0 [ ])
2.000: C0 departed
2.000: C2 ordered (Large) Coffee Latte (by B0 [ ])
2.100: C4 arrives [ ]
2.100: C4 joined queue [ ]
2.200: C1 served (Medium) Coffee Latte (by B1 [ ])
2.200: C1 departed
2.200: C4 ordered (Cold) Coffee Espresso (by B1 [ ])
3.000: C2 served (Large) Coffee Latte (by B0 [ ])
3.000: C2 departed
3.200: C4 served (Cold) Coffee Espresso (by B1 [ ])
3.200: C4 departed
